Using pre-set license
Built from '2020.3/release' branch; Version is '2020.3.7f1 (dd97f2c94397) revision 14522354'; Using compiler version '192528614'; Build Type 'Release'
OS: 'Windows 10 Home Single Language; OS build 19042.1348; Version 2009; 64bit' Language: 'pt' Physical Memory: 16145 MB
BatchMode: 1, IsHumanControllingUs: 0, StartBugReporterOnCrash: 0, Is64bit: 1, IsPro: 0

 COMMAND LINE ARGUMENTS:
D:\Humankind Mods\Unity Editor\2020.3.7f1\Editor\Unity.exe
-adb2
-batchMode
-noUpm
-name
AssetImportWorker0
-projectPath
D:/Humankind Mods/HumankindMods/coringa_p3
-logFile
Logs/AssetImportWorker0.log
-srvPort
49687
Successfully changed project path to: D:/Humankind Mods/HumankindMods/coringa_p3
D:/Humankind Mods/HumankindMods/coringa_p3
Using Asset Import Pipeline V2.
Refreshing native plugins compatible for Editor in 29.41 ms, found 0 plugins.
Preloading 0 native plugins for Editor in 0.00 ms.
Initialize engine version: 2020.3.7f1 (dd97f2c94397)
[Subsystems] Discovering subsystems at path D:/Humankind Mods/Unity Editor/2020.3.7f1/Editor/Data/Resources/UnitySubsystems
[Subsystems] Discovering subsystems at path D:/Humankind Mods/HumankindMods/coringa_p3/Assets
GfxDevice: creating device client; threaded=0
Direct3D:
    Version:  Direct3D 11.0 [level 11.1]
    Renderer: NVIDIA GeForce GTX 1660 Ti (ID=0x2191)
    Vendor:   
    VRAM:     5991 MB
    Driver:   27.21.14.6231
Initialize mono
Mono path[0] = 'D:/Humankind Mods/Unity Editor/2020.3.7f1/Editor/Data/Managed'
Mono path[1] = 'D:/Humankind Mods/Unity Editor/2020.3.7f1/Editor/Data/MonoBleedingEdge/lib/mono/unityjit'
Mono config path = 'D:/Humankind Mods/Unity Editor/2020.3.7f1/Editor/Data/MonoBleedingEdge/etc'
Using monoOptions --debugger-agent=transport=dt_socket,embedding=1,server=y,suspend=n,address=127.0.0.1:56812
Begin MonoManager ReloadAssembly
Registering precompiled unity dll's ...
Register platform support module: D:/Humankind Mods/Unity Editor/2020.3.7f1/Editor/Data/PlaybackEngines/WindowsStandaloneSupport/UnityEditor.WindowsStandalone.Extensions.dll
Registered in 0.001071 seconds.
Native extension for WindowsStandalone target not found
Refreshing native plugins compatible for Editor in 23.84 ms, found 0 plugins.
Preloading 0 native plugins for Editor in 0.00 ms.
Mono: successfully reloaded assembly
- Completed reload, in  0.733 seconds
Platform modules already initialized, skipping
Registering precompiled user dll's ...
Registered in 0.010911 seconds.
Begin MonoManager ReloadAssembly
Native extension for WindowsStandalone target not found
Refreshing native plugins compatible for Editor in 26.15 ms, found 0 plugins.
Preloading 0 native plugins for Editor in 0.00 ms.
[AssetDatabase] Startup...
UnityEngine.StackTraceUtility:ExtractStackTrace ()
UnityEngine.DebugLogHandler:LogFormat (UnityEngine.LogType,UnityEngine.Object,string,object[])
UnityEngine.Logger:Log (UnityEngine.LogType,object)
UnityEngine.Debug:Log (object)
Amplitude.Framework.Asset.AssetDatabase:.cctor ()
System.Runtime.CompilerServices.RuntimeHelpers:RunClassConstructor (System.RuntimeTypeHandle)
UnityEditor.EditorAssemblies:ProcessInitializeOnLoadAttributes (System.Type[])

Mono: successfully reloaded assembly
- Completed reload, in  1.668 seconds
Platform modules already initialized, skipping
========================================================================
Worker process is ready to serve import requests
Launched and connected shader compiler UnityShaderCompiler.exe after 0.04 seconds
Refreshing native plugins compatible for Editor in 0.41 ms, found 0 plugins.
Preloading 0 native plugins for Editor in 0.00 ms.
Unloading 1179 Unused Serialized files (Serialized files now loaded: 0)
System memory in use before: 64.3 MB.
System memory in use after: 64.4 MB.

Unloading 59 unused Assets to reduce memory usage. Loaded Objects now: 3365.
Total: 21.143200 ms (FindLiveObjects: 0.296600 ms CreateObjectMapping: 0.174200 ms MarkObjects: 20.587900 ms  DeleteObjects: 0.081300 ms)

========================================================================
Received Import Request.
  path: Assets/Databases/Civilizations/LegacyTraitDescriptor.asset
  artifactKey: Guid(16e68c917abe2a740b30149be31a9b99) Importer(815301076,1909f56bfc062723c751e8b465ee728b)
Start importing Assets/Databases/Civilizations/LegacyTraitDescriptor.asset using Guid(16e68c917abe2a740b30149be31a9b99) Importer(815301076,1909f56bfc062723c751e8b465ee728b)  -> (artifact id: 'bc6933c28854d7ff8d3cdcd4b1ad8028') in 0.043928 seconds
  Import took 0.047260 seconds .

AssetImportWorkerClient::OnTransportError - code=2 error=End of file
