Using pre-set license
Built from '2020.3/release' branch; Version is '2020.3.7f1 (dd97f2c94397) revision 14522354'; Using compiler version '192528614'; Build Type 'Release'
OS: 'Windows 10 Home Single Language; OS build 19042.1348; Version 2009; 64bit' Language: 'pt' Physical Memory: 16145 MB
BatchMode: 1, IsHumanControllingUs: 0, StartBugReporterOnCrash: 0, Is64bit: 1, IsPro: 0

 COMMAND LINE ARGUMENTS:
D:\Humankind Mods\Unity Editor\2020.3.7f1\Editor\Unity.exe
-adb2
-batchMode
-noUpm
-name
AssetImportWorker0
-projectPath
D:/Humankind Mods/coringa_p1
-logFile
Logs/AssetImportWorker0.log
-srvPort
61453
Successfully changed project path to: D:/Humankind Mods/coringa_p1
D:/Humankind Mods/coringa_p1
Using Asset Import Pipeline V2.
Refreshing native plugins compatible for Editor in 34.64 ms, found 0 plugins.
Preloading 0 native plugins for Editor in 0.00 ms.
Initialize engine version: 2020.3.7f1 (dd97f2c94397)
[Subsystems] Discovering subsystems at path D:/Humankind Mods/Unity Editor/2020.3.7f1/Editor/Data/Resources/UnitySubsystems
[Subsystems] Discovering subsystems at path D:/Humankind Mods/coringa_p1/Assets
GfxDevice: creating device client; threaded=0
Direct3D:
    Version:  Direct3D 11.0 [level 11.1]
    Renderer: NVIDIA GeForce GTX 1660 Ti (ID=0x2191)
    Vendor:   
    VRAM:     5991 MB
    Driver:   27.21.14.6231
Initialize mono
Mono path[0] = 'D:/Humankind Mods/Unity Editor/2020.3.7f1/Editor/Data/Managed'
Mono path[1] = 'D:/Humankind Mods/Unity Editor/2020.3.7f1/Editor/Data/MonoBleedingEdge/lib/mono/unityjit'
Mono config path = 'D:/Humankind Mods/Unity Editor/2020.3.7f1/Editor/Data/MonoBleedingEdge/etc'
Using monoOptions --debugger-agent=transport=dt_socket,embedding=1,server=y,suspend=n,address=127.0.0.1:56324
Begin MonoManager ReloadAssembly
Registering precompiled unity dll's ...
Register platform support module: D:/Humankind Mods/Unity Editor/2020.3.7f1/Editor/Data/PlaybackEngines/WindowsStandaloneSupport/UnityEditor.WindowsStandalone.Extensions.dll
Registered in 0.002606 seconds.
Native extension for WindowsStandalone target not found
Refreshing native plugins compatible for Editor in 27.05 ms, found 0 plugins.
Preloading 0 native plugins for Editor in 0.00 ms.
Mono: successfully reloaded assembly
- Completed reload, in  1.193 seconds
Platform modules already initialized, skipping
Registering precompiled user dll's ...
Registered in 0.073226 seconds.
Begin MonoManager ReloadAssembly
Native extension for WindowsStandalone target not found
Refreshing native plugins compatible for Editor in 24.10 ms, found 0 plugins.
Preloading 0 native plugins for Editor in 0.00 ms.
[AssetDatabase] Startup...
UnityEngine.StackTraceUtility:ExtractStackTrace ()
UnityEngine.DebugLogHandler:LogFormat (UnityEngine.LogType,UnityEngine.Object,string,object[])
UnityEngine.Logger:Log (UnityEngine.LogType,object)
UnityEngine.Debug:Log (object)
Amplitude.Framework.Asset.AssetDatabase:.cctor ()
System.Runtime.CompilerServices.RuntimeHelpers:RunClassConstructor (System.RuntimeTypeHandle)
UnityEditor.EditorAssemblies:ProcessInitializeOnLoadAttributes (System.Type[])

Mono: successfully reloaded assembly
- Completed reload, in  1.860 seconds
Platform modules already initialized, skipping
========================================================================
Worker process is ready to serve import requests
Launched and connected shader compiler UnityShaderCompiler.exe after 0.06 seconds
Refreshing native plugins compatible for Editor in 0.42 ms, found 0 plugins.
Preloading 0 native plugins for Editor in 0.00 ms.
Unloading 1179 Unused Serialized files (Serialized files now loaded: 0)
System memory in use before: 64.2 MB.
System memory in use after: 64.3 MB.

Unloading 59 unused Assets to reduce memory usage. Loaded Objects now: 3364.
Total: 23.084700 ms (FindLiveObjects: 0.408900 ms CreateObjectMapping: 0.280800 ms MarkObjects: 22.304700 ms  DeleteObjects: 0.088400 ms)

========================================================================
Received Import Request.
  path: Assets/Databases/Unit/LandUnitDefinition.asset
  artifactKey: Guid(9dfea6a7dad01ce44b6c85d934dacc62) Importer(815301076,1909f56bfc062723c751e8b465ee728b)
Start importing Assets/Databases/Unit/LandUnitDefinition.asset using Guid(9dfea6a7dad01ce44b6c85d934dacc62) Importer(815301076,1909f56bfc062723c751e8b465ee728b)  -> (artifact id: 'bc4b0c993088760b0dad6933dee1925b') in 0.100320 seconds
  Import took 0.102991 seconds .

========================================================================
Received Import Request.
  Time since last request: 0.001714 seconds.
  path: Assets/Databases/Unit/LandUnitDefinition.asset
  artifactKey: Guid(9dfea6a7dad01ce44b6c85d934dacc62) Importer(815301076,1909f56bfc062723c751e8b465ee728b)
Start importing Assets/Databases/Unit/LandUnitDefinition.asset using Guid(9dfea6a7dad01ce44b6c85d934dacc62) Importer(815301076,1909f56bfc062723c751e8b465ee728b)  -> (artifact id: 'bc4b0c993088760b0dad6933dee1925b') in 0.036959 seconds
  Import took 0.039643 seconds .

========================================================================
Received Import Request.
  Time since last request: 100.664182 seconds.
  path: Assets/Databases/Unit
  artifactKey: Guid(7c637a4a1a723ba4a951076fc55390e4) Importer(815301076,1909f56bfc062723c751e8b465ee728b)
Start importing Assets/Databases/Unit using Guid(7c637a4a1a723ba4a951076fc55390e4) Importer(815301076,1909f56bfc062723c751e8b465ee728b)  -> (artifact id: '0a98119fd12e3ffc76e75d1085d3f3ab') in 0.023037 seconds
  Import took 0.026427 seconds .

========================================================================
Received Import Request.
  Time since last request: 380.941344 seconds.
  path: Assets/Databases
  artifactKey: Guid(a66f66ba0285a424b9e04b54b5f84f1f) Importer(815301076,1909f56bfc062723c751e8b465ee728b)
Start importing Assets/Databases using Guid(a66f66ba0285a424b9e04b54b5f84f1f) Importer(815301076,1909f56bfc062723c751e8b465ee728b)  -> (artifact id: 'a449b95aa91c6c04919903890b3d6cd0') in 0.020384 seconds
  Import took 0.023656 seconds .

========================================================================
Received Import Request.
  Time since last request: 0.871633 seconds.
  path: Assets/Databases/Unit/LandUnitDescriptor.asset
  artifactKey: Guid(d9acd42aed1141b41a21ded83ac6daf3) Importer(815301076,1909f56bfc062723c751e8b465ee728b)
Start importing Assets/Databases/Unit/LandUnitDescriptor.asset using Guid(d9acd42aed1141b41a21ded83ac6daf3) Importer(815301076,1909f56bfc062723c751e8b465ee728b)  -> (artifact id: 'd10f21a5df3fe53ff8d95a251293003f') in 0.038732 seconds
  Import took 0.042442 seconds .

========================================================================
Received Import Request.
  Time since last request: 105.861012 seconds.
  path: Assets/Databases/Unit/LandUnitDefinition.asset
  artifactKey: Guid(9dfea6a7dad01ce44b6c85d934dacc62) Importer(815301076,1909f56bfc062723c751e8b465ee728b)
Start importing Assets/Databases/Unit/LandUnitDefinition.asset using Guid(9dfea6a7dad01ce44b6c85d934dacc62) Importer(815301076,1909f56bfc062723c751e8b465ee728b)  -> (artifact id: '6cc7dd60444f9fb9b765f06715b488c9') in 0.039184 seconds
  Import took 0.042596 seconds .

========================================================================
Received Prepare
Refreshing native plugins compatible for Editor in 7.67 ms, found 0 plugins.
Preloading 0 native plugins for Editor in 0.00 ms.
Unloading 52 Unused Serialized files (Serialized files now loaded: 0)
System memory in use before: 41.9 MB.
System memory in use after: 42.1 MB.

Unloading 52 unused Assets to reduce memory usage. Loaded Objects now: 3364.
Total: 23.336900 ms (FindLiveObjects: 0.355000 ms CreateObjectMapping: 0.119600 ms MarkObjects: 22.824800 ms  DeleteObjects: 0.035300 ms)

========================================================================
Received Import Request.
  Time since last request: 533.944268 seconds.
  path: Assets/Databases/Unit/LandUnitDefinition.asset
  artifactKey: Guid(9dfea6a7dad01ce44b6c85d934dacc62) Importer(815301076,1909f56bfc062723c751e8b465ee728b)
Start importing Assets/Databases/Unit/LandUnitDefinition.asset using Guid(9dfea6a7dad01ce44b6c85d934dacc62) Importer(815301076,1909f56bfc062723c751e8b465ee728b)  -> (artifact id: '08104f6c34c7184869c8493038a3ff37') in 0.040986 seconds
  Import took 0.043833 seconds .

========================================================================
Received Import Request.
  Time since last request: 0.000321 seconds.
  path: Assets/Databases/Unit/LandUnitDescriptor.asset
  artifactKey: Guid(d9acd42aed1141b41a21ded83ac6daf3) Importer(815301076,1909f56bfc062723c751e8b465ee728b)
Start importing Assets/Databases/Unit/LandUnitDescriptor.asset using Guid(d9acd42aed1141b41a21ded83ac6daf3) Importer(815301076,1909f56bfc062723c751e8b465ee728b)  -> (artifact id: 'beb1c4f0117a5c911edba558d8f9a3f1') in 0.032362 seconds
  Import took 0.036148 seconds .

========================================================================
Received Import Request.
  Time since last request: 3.549453 seconds.
  path: Assets/Databases/Unit/LandUnitDescriptor.asset
  artifactKey: Guid(d9acd42aed1141b41a21ded83ac6daf3) Importer(815301076,1909f56bfc062723c751e8b465ee728b)
Start importing Assets/Databases/Unit/LandUnitDescriptor.asset using Guid(d9acd42aed1141b41a21ded83ac6daf3) Importer(815301076,1909f56bfc062723c751e8b465ee728b)  -> (artifact id: 'beb1c4f0117a5c911edba558d8f9a3f1') in 0.033892 seconds
  Import took 0.036825 seconds .

========================================================================
Received Import Request.
  Time since last request: 1457.271401 seconds.
  path: Assets/AssetBundleContentDescriptor.asset
  artifactKey: Guid(5335b5c3a4f704246bb2e842cfb632d6) Importer(815301076,1909f56bfc062723c751e8b465ee728b)
Start importing Assets/AssetBundleContentDescriptor.asset using Guid(5335b5c3a4f704246bb2e842cfb632d6) Importer(815301076,1909f56bfc062723c751e8b465ee728b)  -> (artifact id: '91cfd30277a12e3b171750238f1822ca') in 0.028357 seconds
  Import took 0.033705 seconds .

========================================================================
Received Import Request.
  Time since last request: 2.279197 seconds.
  path: Assets/Databases/World
  artifactKey: Guid(86167fc68d9a0004ebdfbabbbbcf708c) Importer(815301076,1909f56bfc062723c751e8b465ee728b)
Start importing Assets/Databases/World using Guid(86167fc68d9a0004ebdfbabbbbcf708c) Importer(815301076,1909f56bfc062723c751e8b465ee728b)  -> (artifact id: '3f91f442a037fa2fe38dbecc87344895') in 0.023431 seconds
  Import took 0.027070 seconds .

========================================================================
Received Import Request.
  Time since last request: 0.023451 seconds.
  path: Assets/Databases/World/TerrainDescriptor.asset
  artifactKey: Guid(291e3d3a5fbb6db4a9549639bd12f0ab) Importer(815301076,1909f56bfc062723c751e8b465ee728b)
Start importing Assets/Databases/World/TerrainDescriptor.asset using Guid(291e3d3a5fbb6db4a9549639bd12f0ab) Importer(815301076,1909f56bfc062723c751e8b465ee728b)  -> (artifact id: '7e7861bdfcb7a72d1f746999c00ab49b') in 0.024203 seconds
  Import took 0.027758 seconds .

========================================================================
Received Import Request.
  Time since last request: 553.064866 seconds.
  path: Assets/Databases/World/TerrainDescriptor.asset
  artifactKey: Guid(291e3d3a5fbb6db4a9549639bd12f0ab) Importer(815301076,1909f56bfc062723c751e8b465ee728b)
Start importing Assets/Databases/World/TerrainDescriptor.asset using Guid(291e3d3a5fbb6db4a9549639bd12f0ab) Importer(815301076,1909f56bfc062723c751e8b465ee728b)  -> (artifact id: 'f32d6c626d012083979d75e59745d980') in 0.021425 seconds
  Import took 0.024684 seconds .

========================================================================
Received Import Request.
  Time since last request: 1.816441 seconds.
  path: Assets/Databases/Settlement
  artifactKey: Guid(0bd2c0a3797c2a24088a09325e3a8161) Importer(815301076,1909f56bfc062723c751e8b465ee728b)
Start importing Assets/Databases/Settlement using Guid(0bd2c0a3797c2a24088a09325e3a8161) Importer(815301076,1909f56bfc062723c751e8b465ee728b)  -> (artifact id: 'f12bdbfc302893291f02f44a25af6d92') in 0.021337 seconds
  Import took 0.024655 seconds .

========================================================================
Received Import Request.
  Time since last request: 0.030000 seconds.
  path: Assets/Databases/Settlement/ArtificialWondersDescriptor.asset
  artifactKey: Guid(ff9a5f860864284439a49d7c744cfbaa) Importer(815301076,1909f56bfc062723c751e8b465ee728b)
Start importing Assets/Databases/Settlement/ArtificialWondersDescriptor.asset using Guid(ff9a5f860864284439a49d7c744cfbaa) Importer(815301076,1909f56bfc062723c751e8b465ee728b)  -> (artifact id: '83ebd78c373ec3154ce9395023cd5058') in 0.026054 seconds
  Import took 0.029536 seconds .

========================================================================
Received Prepare
Refreshing native plugins compatible for Editor in 10.87 ms, found 0 plugins.
Preloading 0 native plugins for Editor in 0.00 ms.
Unloading 52 Unused Serialized files (Serialized files now loaded: 0)
System memory in use before: 42.0 MB.
System memory in use after: 42.2 MB.

Unloading 52 unused Assets to reduce memory usage. Loaded Objects now: 3364.
Total: 28.797300 ms (FindLiveObjects: 0.292000 ms CreateObjectMapping: 0.113700 ms MarkObjects: 28.355100 ms  DeleteObjects: 0.035000 ms)

========================================================================
Received Import Request.
  Time since last request: 1690.740962 seconds.
  path: Assets/Databases/Settlement/ArtificialWondersDescriptor.asset
  artifactKey: Guid(ff9a5f860864284439a49d7c744cfbaa) Importer(815301076,1909f56bfc062723c751e8b465ee728b)
Start importing Assets/Databases/Settlement/ArtificialWondersDescriptor.asset using Guid(ff9a5f860864284439a49d7c744cfbaa) Importer(815301076,1909f56bfc062723c751e8b465ee728b)  -> (artifact id: 'c6aaa43b494e45b40c1c95a5a567a3c8') in 0.026046 seconds
  Import took 0.029177 seconds .

