Using pre-set license
Built from '2020.3/release' branch; Version is '2020.3.7f1 (dd97f2c94397) revision 14522354'; Using compiler version '192528614'; Build Type 'Release'
OS: 'Windows 10 Home Single Language; OS build 19042.1288; Version 2009; 64bit' Language: 'pt' Physical Memory: 16145 MB
BatchMode: 1, IsHumanControllingUs: 0, StartBugReporterOnCrash: 0, Is64bit: 1, IsPro: 0

 COMMAND LINE ARGUMENTS:
D:\Humankind Mods\Unity Editor\2020.3.7f1\Editor\Unity.exe
-adb2
-batchMode
-noUpm
-name
AssetImportWorker0
-projectPath
D:/Humankind Mods/coringa_p1
-logFile
Logs/AssetImportWorker0.log
-srvPort
54212
Successfully changed project path to: D:/Humankind Mods/coringa_p1
D:/Humankind Mods/coringa_p1
Using Asset Import Pipeline V2.
Refreshing native plugins compatible for Editor in 34.53 ms, found 0 plugins.
Preloading 0 native plugins for Editor in 0.00 ms.
Initialize engine version: 2020.3.7f1 (dd97f2c94397)
[Subsystems] Discovering subsystems at path D:/Humankind Mods/Unity Editor/2020.3.7f1/Editor/Data/Resources/UnitySubsystems
[Subsystems] Discovering subsystems at path D:/Humankind Mods/coringa_p1/Assets
GfxDevice: creating device client; threaded=0
Direct3D:
    Version:  Direct3D 11.0 [level 11.1]
    Renderer: NVIDIA GeForce GTX 1660 Ti (ID=0x2191)
    Vendor:   
    VRAM:     5991 MB
    Driver:   27.21.14.6231
Initialize mono
Mono path[0] = 'D:/Humankind Mods/Unity Editor/2020.3.7f1/Editor/Data/Managed'
Mono path[1] = 'D:/Humankind Mods/Unity Editor/2020.3.7f1/Editor/Data/MonoBleedingEdge/lib/mono/unityjit'
Mono config path = 'D:/Humankind Mods/Unity Editor/2020.3.7f1/Editor/Data/MonoBleedingEdge/etc'
Using monoOptions --debugger-agent=transport=dt_socket,embedding=1,server=y,suspend=n,address=127.0.0.1:56492
Begin MonoManager ReloadAssembly
Registering precompiled unity dll's ...
Register platform support module: D:/Humankind Mods/Unity Editor/2020.3.7f1/Editor/Data/PlaybackEngines/WindowsStandaloneSupport/UnityEditor.WindowsStandalone.Extensions.dll
Registered in 0.001064 seconds.
Native extension for WindowsStandalone target not found
Refreshing native plugins compatible for Editor in 33.02 ms, found 0 plugins.
Preloading 0 native plugins for Editor in 0.00 ms.
Mono: successfully reloaded assembly
- Completed reload, in  0.912 seconds
Platform modules already initialized, skipping
Registering precompiled user dll's ...
Registered in 0.014577 seconds.
Begin MonoManager ReloadAssembly
Native extension for WindowsStandalone target not found
Refreshing native plugins compatible for Editor in 31.34 ms, found 0 plugins.
Preloading 0 native plugins for Editor in 0.00 ms.
[AssetDatabase] Startup...
UnityEngine.StackTraceUtility:ExtractStackTrace ()
UnityEngine.DebugLogHandler:LogFormat (UnityEngine.LogType,UnityEngine.Object,string,object[])
UnityEngine.Logger:Log (UnityEngine.LogType,object)
UnityEngine.Debug:Log (object)
Amplitude.Framework.Asset.AssetDatabase:.cctor ()
System.Runtime.CompilerServices.RuntimeHelpers:RunClassConstructor (System.RuntimeTypeHandle)
UnityEditor.EditorAssemblies:ProcessInitializeOnLoadAttributes (System.Type[])

Mono: successfully reloaded assembly
- Completed reload, in  2.272 seconds
Platform modules already initialized, skipping
========================================================================
Worker process is ready to serve import requests
Launched and connected shader compiler UnityShaderCompiler.exe after 0.06 seconds
Refreshing native plugins compatible for Editor in 0.53 ms, found 0 plugins.
Preloading 0 native plugins for Editor in 0.00 ms.
Unloading 1179 Unused Serialized files (Serialized files now loaded: 0)
System memory in use before: 64.1 MB.
System memory in use after: 64.3 MB.

Unloading 59 unused Assets to reduce memory usage. Loaded Objects now: 3364.
Total: 26.381600 ms (FindLiveObjects: 0.487100 ms CreateObjectMapping: 0.206600 ms MarkObjects: 25.596000 ms  DeleteObjects: 0.090100 ms)

========================================================================
Received Import Request.
  path: Assets/AssetBundleContentDescriptor.asset
  artifactKey: Guid(2d2f0f867a2a9824c87c64bb157dd545) Importer(815301076,1909f56bfc062723c751e8b465ee728b)
Start importing Assets/AssetBundleContentDescriptor.asset using Guid(2d2f0f867a2a9824c87c64bb157dd545) Importer(815301076,1909f56bfc062723c751e8b465ee728b)  -> (artifact id: '8f100b57a07432cabe0e317a15b88c0e') in 0.050515 seconds
  Import took 0.054308 seconds .

========================================================================
Received Import Request.
  Time since last request: 426.698598 seconds.
  path: Assets/Databases/Settlement/ConstructibleEmblematicExtensionDefinition.asset
  artifactKey: Guid(74b4baa7d1b70e14ba79cd20b66ebaba) Importer(815301076,1909f56bfc062723c751e8b465ee728b)
Start importing Assets/Databases/Settlement/ConstructibleEmblematicExtensionDefinition.asset using Guid(74b4baa7d1b70e14ba79cd20b66ebaba) Importer(815301076,1909f56bfc062723c751e8b465ee728b)  -> (artifact id: '82acc0070fe7e4f13c17ba68d40e2f9f') in 0.162232 seconds
  Import took 0.165382 seconds .

========================================================================
Received Prepare
Refreshing native plugins compatible for Editor in 7.14 ms, found 0 plugins.
Preloading 0 native plugins for Editor in 0.00 ms.
Unloading 52 Unused Serialized files (Serialized files now loaded: 0)
System memory in use before: 43.1 MB.
System memory in use after: 43.3 MB.

Unloading 52 unused Assets to reduce memory usage. Loaded Objects now: 3364.
Total: 25.898700 ms (FindLiveObjects: 0.549900 ms CreateObjectMapping: 0.181900 ms MarkObjects: 25.136000 ms  DeleteObjects: 0.029300 ms)

========================================================================
Received Import Request.
  Time since last request: 95.221618 seconds.
  path: Assets/Databases/Settlement/ConstructibleEmblematicExtensionDefinition.asset
  artifactKey: Guid(74b4baa7d1b70e14ba79cd20b66ebaba) Importer(815301076,1909f56bfc062723c751e8b465ee728b)
Start importing Assets/Databases/Settlement/ConstructibleEmblematicExtensionDefinition.asset using Guid(74b4baa7d1b70e14ba79cd20b66ebaba) Importer(815301076,1909f56bfc062723c751e8b465ee728b)  -> (artifact id: '1edca4dfcdfbf76a64aa803951699d12') in 0.041107 seconds
  Import took 0.044115 seconds .

========================================================================
Received Prepare
Refreshing native plugins compatible for Editor in 7.37 ms, found 0 plugins.
Preloading 0 native plugins for Editor in 0.00 ms.
Unloading 52 Unused Serialized files (Serialized files now loaded: 0)
System memory in use before: 43.1 MB.
System memory in use after: 43.3 MB.

Unloading 52 unused Assets to reduce memory usage. Loaded Objects now: 3364.
Total: 24.184200 ms (FindLiveObjects: 0.336500 ms CreateObjectMapping: 0.121200 ms MarkObjects: 23.694000 ms  DeleteObjects: 0.030900 ms)

========================================================================
Received Import Request.
  Time since last request: 685.849543 seconds.
  path: Assets/Databases/Settlement/ConstructibleEmblematicExtensionDefinition.asset
  artifactKey: Guid(74b4baa7d1b70e14ba79cd20b66ebaba) Importer(815301076,1909f56bfc062723c751e8b465ee728b)
Start importing Assets/Databases/Settlement/ConstructibleEmblematicExtensionDefinition.asset using Guid(74b4baa7d1b70e14ba79cd20b66ebaba) Importer(815301076,1909f56bfc062723c751e8b465ee728b)  -> (artifact id: '7dc885955864b4097a3ac212a8ba3d44') in 0.036994 seconds
  Import took 0.040335 seconds .

AssetImportWorkerClient::OnTransportError - code=2 error=End of file
