Using pre-set license
Built from '2020.3/release' branch; Version is '2020.3.7f1 (dd97f2c94397) revision 14522354'; Using compiler version '192528614'; Build Type 'Release'
OS: 'Windows 10 Home Single Language; OS build 19042.1288; Version 2009; 64bit' Language: 'pt' Physical Memory: 16145 MB
BatchMode: 1, IsHumanControllingUs: 0, StartBugReporterOnCrash: 0, Is64bit: 1, IsPro: 0

 COMMAND LINE ARGUMENTS:
D:\Humankind Mods\Unity Editor\2020.3.7f1\Editor\Unity.exe
-adb2
-batchMode
-noUpm
-name
AssetImportWorker0
-projectPath
D:/Humankind Mods/coringa_p1
-logFile
Logs/AssetImportWorker0.log
-srvPort
52940
Successfully changed project path to: D:/Humankind Mods/coringa_p1
D:/Humankind Mods/coringa_p1
Using Asset Import Pipeline V2.
Refreshing native plugins compatible for Editor in 30.51 ms, found 0 plugins.
Preloading 0 native plugins for Editor in 0.00 ms.
Initialize engine version: 2020.3.7f1 (dd97f2c94397)
[Subsystems] Discovering subsystems at path D:/Humankind Mods/Unity Editor/2020.3.7f1/Editor/Data/Resources/UnitySubsystems
[Subsystems] Discovering subsystems at path D:/Humankind Mods/coringa_p1/Assets
GfxDevice: creating device client; threaded=0
Direct3D:
    Version:  Direct3D 11.0 [level 11.1]
    Renderer: NVIDIA GeForce GTX 1660 Ti (ID=0x2191)
    Vendor:   
    VRAM:     5991 MB
    Driver:   27.21.14.6231
Initialize mono
Mono path[0] = 'D:/Humankind Mods/Unity Editor/2020.3.7f1/Editor/Data/Managed'
Mono path[1] = 'D:/Humankind Mods/Unity Editor/2020.3.7f1/Editor/Data/MonoBleedingEdge/lib/mono/unityjit'
Mono config path = 'D:/Humankind Mods/Unity Editor/2020.3.7f1/Editor/Data/MonoBleedingEdge/etc'
Using monoOptions --debugger-agent=transport=dt_socket,embedding=1,server=y,suspend=n,address=127.0.0.1:56696
Begin MonoManager ReloadAssembly
Registering precompiled unity dll's ...
Register platform support module: D:/Humankind Mods/Unity Editor/2020.3.7f1/Editor/Data/PlaybackEngines/WindowsStandaloneSupport/UnityEditor.WindowsStandalone.Extensions.dll
Registered in 0.000870 seconds.
Native extension for WindowsStandalone target not found
Refreshing native plugins compatible for Editor in 25.95 ms, found 0 plugins.
Preloading 0 native plugins for Editor in 0.00 ms.
Mono: successfully reloaded assembly
- Completed reload, in  0.773 seconds
Platform modules already initialized, skipping
Registering precompiled user dll's ...
Registered in 0.010397 seconds.
Begin MonoManager ReloadAssembly
Native extension for WindowsStandalone target not found
Refreshing native plugins compatible for Editor in 28.08 ms, found 0 plugins.
Preloading 0 native plugins for Editor in 0.00 ms.
[AssetDatabase] Startup...
UnityEngine.StackTraceUtility:ExtractStackTrace ()
UnityEngine.DebugLogHandler:LogFormat (UnityEngine.LogType,UnityEngine.Object,string,object[])
UnityEngine.Logger:Log (UnityEngine.LogType,object)
UnityEngine.Debug:Log (object)
Amplitude.Framework.Asset.AssetDatabase:.cctor ()
System.Runtime.CompilerServices.RuntimeHelpers:RunClassConstructor (System.RuntimeTypeHandle)
UnityEditor.EditorAssemblies:ProcessInitializeOnLoadAttributes (System.Type[])

Mono: successfully reloaded assembly
- Completed reload, in  1.848 seconds
Platform modules already initialized, skipping
========================================================================
Worker process is ready to serve import requests
Launched and connected shader compiler UnityShaderCompiler.exe after 0.05 seconds
Refreshing native plugins compatible for Editor in 0.42 ms, found 0 plugins.
Preloading 0 native plugins for Editor in 0.00 ms.
Unloading 1179 Unused Serialized files (Serialized files now loaded: 0)
System memory in use before: 64.2 MB.
System memory in use after: 64.3 MB.

Unloading 59 unused Assets to reduce memory usage. Loaded Objects now: 3364.
Total: 26.042100 ms (FindLiveObjects: 0.446100 ms CreateObjectMapping: 0.231200 ms MarkObjects: 25.239800 ms  DeleteObjects: 0.123700 ms)

========================================================================
Received Import Request.
  path: Assets/Databases/Settlement/ConstructibleEmblematicExtensionDefinition.asset
  artifactKey: Guid(74b4baa7d1b70e14ba79cd20b66ebaba) Importer(815301076,1909f56bfc062723c751e8b465ee728b)
Start importing Assets/Databases/Settlement/ConstructibleEmblematicExtensionDefinition.asset using Guid(74b4baa7d1b70e14ba79cd20b66ebaba) Importer(815301076,1909f56bfc062723c751e8b465ee728b)  -> (artifact id: '83012c3201328dcf017f6b080f21274b') in 0.199282 seconds
  Import took 0.202522 seconds .

========================================================================
Received Prepare
Refreshing native plugins compatible for Editor in 7.54 ms, found 0 plugins.
Preloading 0 native plugins for Editor in 0.00 ms.
Unloading 52 Unused Serialized files (Serialized files now loaded: 0)
System memory in use before: 43.0 MB.
System memory in use after: 43.2 MB.

Unloading 52 unused Assets to reduce memory usage. Loaded Objects now: 3364.
Total: 23.438000 ms (FindLiveObjects: 0.425300 ms CreateObjectMapping: 0.135800 ms MarkObjects: 22.840200 ms  DeleteObjects: 0.034900 ms)

========================================================================
Received Import Request.
  Time since last request: 201.523578 seconds.
  path: Assets/Databases/Settlement/ConstructibleEmblematicExtensionDefinition.asset
  artifactKey: Guid(74b4baa7d1b70e14ba79cd20b66ebaba) Importer(815301076,1909f56bfc062723c751e8b465ee728b)
Start importing Assets/Databases/Settlement/ConstructibleEmblematicExtensionDefinition.asset using Guid(74b4baa7d1b70e14ba79cd20b66ebaba) Importer(815301076,1909f56bfc062723c751e8b465ee728b)  -> (artifact id: '35a151cabe106c272e8093836d6302de') in 0.039781 seconds
  Import took 0.043492 seconds .

========================================================================
Received Prepare
Refreshing native plugins compatible for Editor in 12.20 ms, found 0 plugins.
Preloading 0 native plugins for Editor in 0.00 ms.
Unloading 52 Unused Serialized files (Serialized files now loaded: 0)
System memory in use before: 43.0 MB.
System memory in use after: 43.2 MB.

Unloading 52 unused Assets to reduce memory usage. Loaded Objects now: 3364.
Total: 25.055400 ms (FindLiveObjects: 0.524000 ms CreateObjectMapping: 0.196700 ms MarkObjects: 24.298700 ms  DeleteObjects: 0.034300 ms)

========================================================================
Received Prepare
Refreshing native plugins compatible for Editor in 7.42 ms, found 0 plugins.
Preloading 0 native plugins for Editor in 0.00 ms.
Unloading 52 Unused Serialized files (Serialized files now loaded: 0)
System memory in use before: 43.0 MB.
System memory in use after: 43.2 MB.

Unloading 52 unused Assets to reduce memory usage. Loaded Objects now: 3364.
Total: 26.416200 ms (FindLiveObjects: 0.417400 ms CreateObjectMapping: 0.133300 ms MarkObjects: 25.832700 ms  DeleteObjects: 0.030600 ms)

========================================================================
Received Import Request.
  Time since last request: 212.703018 seconds.
  path: Assets/Databases/Settlement/ConstructibleEmblematicExtensionDefinition.asset
  artifactKey: Guid(74b4baa7d1b70e14ba79cd20b66ebaba) Importer(815301076,1909f56bfc062723c751e8b465ee728b)
Start importing Assets/Databases/Settlement/ConstructibleEmblematicExtensionDefinition.asset using Guid(74b4baa7d1b70e14ba79cd20b66ebaba) Importer(815301076,1909f56bfc062723c751e8b465ee728b)  -> (artifact id: 'abb34216240878038413a28b22806dcf') in 0.038274 seconds
  Import took 0.041445 seconds .

========================================================================
Received Prepare
Refreshing native plugins compatible for Editor in 7.29 ms, found 0 plugins.
Preloading 0 native plugins for Editor in 0.00 ms.
Unloading 52 Unused Serialized files (Serialized files now loaded: 0)
System memory in use before: 43.0 MB.
System memory in use after: 43.2 MB.

Unloading 52 unused Assets to reduce memory usage. Loaded Objects now: 3364.
Total: 23.883900 ms (FindLiveObjects: 0.333800 ms CreateObjectMapping: 0.134900 ms MarkObjects: 23.372000 ms  DeleteObjects: 0.041100 ms)

========================================================================
Received Import Request.
  Time since last request: 521.259996 seconds.
  path: Assets/Databases/Settlement/ConstructibleEmblematicExtensionDefinition.asset
  artifactKey: Guid(74b4baa7d1b70e14ba79cd20b66ebaba) Importer(815301076,1909f56bfc062723c751e8b465ee728b)
Start importing Assets/Databases/Settlement/ConstructibleEmblematicExtensionDefinition.asset using Guid(74b4baa7d1b70e14ba79cd20b66ebaba) Importer(815301076,1909f56bfc062723c751e8b465ee728b)  -> (artifact id: '0d77dc311264ca13a5acb17708f5d04f') in 0.041240 seconds
  Import took 0.044917 seconds .

